<?xml version="1.0" encoding="UTF-8"?>
<testsuite xmlns:xsi="http://www.w3.org/2001/XMLSchema-instance" xsi:noNamespaceSchemaLocation="https://maven.apache.org/surefire/maven-surefire-plugin/xsd/surefire-test-report.xsd" name="org.mall.MallApplicationTests" time="7.631" tests="1" errors="0" skipped="0" failures="0">
  <properties>
    <property name="sun.desktop" value="windows"/>
    <property name="awt.toolkit" value="sun.awt.windows.WToolkit"/>
    <property name="file.encoding.pkg" value="sun.io"/>
    <property name="java.specification.version" value="1.8"/>
    <property name="sun.cpu.isalist" value="amd64"/>
    <property name="sun.jnu.encoding" value="GBK"/>
    <property name="java.class.path" value="E:\项目\spring-boot-curd\target\test-classes;E:\项目\spring-boot-curd\target\classes;D:\maven\my_maven_local_repository\org\springframework\boot\spring-boot-starter-actuator\2.1.4.RELEASE\spring-boot-starter-actuator-2.1.4.RELEASE.jar;D:\maven\my_maven_local_repository\org\springframework\boot\spring-boot-starter\2.1.4.RELEASE\spring-boot-starter-2.1.4.RELEASE.jar;D:\maven\my_maven_local_repository\org\springframework\boot\spring-boot-starter-logging\2.1.4.RELEASE\spring-boot-starter-logging-2.1.4.RELEASE.jar;D:\maven\my_maven_local_repository\ch\qos\logback\logback-classic\1.2.3\logback-classic-1.2.3.jar;D:\maven\my_maven_local_repository\ch\qos\logback\logback-core\1.2.3\logback-core-1.2.3.jar;D:\maven\my_maven_local_repository\org\apache\logging\log4j\log4j-to-slf4j\2.11.2\log4j-to-slf4j-2.11.2.jar;D:\maven\my_maven_local_repository\org\apache\logging\log4j\log4j-api\2.11.2\log4j-api-2.11.2.jar;D:\maven\my_maven_local_repository\org\slf4j\jul-to-slf4j\1.7.26\jul-to-slf4j-1.7.26.jar;D:\maven\my_maven_local_repository\javax\annotation\javax.annotation-api\1.3.2\javax.annotation-api-1.3.2.jar;D:\maven\my_maven_local_repository\org\yaml\snakeyaml\1.23\snakeyaml-1.23.jar;D:\maven\my_maven_local_repository\org\springframework\boot\spring-boot-actuator-autoconfigure\2.1.4.RELEASE\spring-boot-actuator-autoconfigure-2.1.4.RELEASE.jar;D:\maven\my_maven_local_repository\org\springframework\boot\spring-boot-actuator\2.1.4.RELEASE\spring-boot-actuator-2.1.4.RELEASE.jar;D:\maven\my_maven_local_repository\com\fasterxml\jackson\core\jackson-databind\2.9.8\jackson-databind-2.9.8.jar;D:\maven\my_maven_local_repository\com\fasterxml\jackson\core\jackson-annotations\2.9.0\jackson-annotations-2.9.0.jar;D:\maven\my_maven_local_repository\com\fasterxml\jackson\core\jackson-core\2.9.8\jackson-core-2.9.8.jar;D:\maven\my_maven_local_repository\org\springframework\spring-context\5.1.6.RELEASE\spring-context-5.1.6.RELEASE.jar;D:\maven\my_maven_local_repository\com\fasterxml\jackson\datatype\jackson-datatype-jsr310\2.9.8\jackson-datatype-jsr310-2.9.8.jar;D:\maven\my_maven_local_repository\io\micrometer\micrometer-core\1.1.4\micrometer-core-1.1.4.jar;D:\maven\my_maven_local_repository\org\hdrhistogram\HdrHistogram\2.1.9\HdrHistogram-2.1.9.jar;D:\maven\my_maven_local_repository\org\latencyutils\LatencyUtils\2.0.3\LatencyUtils-2.0.3.jar;D:\maven\my_maven_local_repository\org\springframework\boot\spring-boot-starter-web\2.1.4.RELEASE\spring-boot-starter-web-2.1.4.RELEASE.jar;D:\maven\my_maven_local_repository\org\springframework\boot\spring-boot-starter-json\2.1.4.RELEASE\spring-boot-starter-json-2.1.4.RELEASE.jar;D:\maven\my_maven_local_repository\com\fasterxml\jackson\datatype\jackson-datatype-jdk8\2.9.8\jackson-datatype-jdk8-2.9.8.jar;D:\maven\my_maven_local_repository\com\fasterxml\jackson\module\jackson-module-parameter-names\2.9.8\jackson-module-parameter-names-2.9.8.jar;D:\maven\my_maven_local_repository\org\springframework\boot\spring-boot-starter-tomcat\2.1.4.RELEASE\spring-boot-starter-tomcat-2.1.4.RELEASE.jar;D:\maven\my_maven_local_repository\org\apache\tomcat\embed\tomcat-embed-core\9.0.17\tomcat-embed-core-9.0.17.jar;D:\maven\my_maven_local_repository\org\apache\tomcat\embed\tomcat-embed-el\9.0.17\tomcat-embed-el-9.0.17.jar;D:\maven\my_maven_local_repository\org\apache\tomcat\embed\tomcat-embed-websocket\9.0.17\tomcat-embed-websocket-9.0.17.jar;D:\maven\my_maven_local_repository\org\hibernate\validator\hibernate-validator\6.0.16.Final\hibernate-validator-6.0.16.Final.jar;D:\maven\my_maven_local_repository\javax\validation\validation-api\2.0.1.Final\validation-api-2.0.1.Final.jar;D:\maven\my_maven_local_repository\org\jboss\logging\jboss-logging\3.3.2.Final\jboss-logging-3.3.2.Final.jar;D:\maven\my_maven_local_repository\com\fasterxml\classmate\1.4.0\classmate-1.4.0.jar;D:\maven\my_maven_local_repository\org\springframework\spring-web\5.1.6.RELEASE\spring-web-5.1.6.RELEASE.jar;D:\maven\my_maven_local_repository\org\springframework\spring-beans\5.1.6.RELEASE\spring-beans-5.1.6.RELEASE.jar;D:\maven\my_maven_local_repository\org\springframework\spring-webmvc\5.1.6.RELEASE\spring-webmvc-5.1.6.RELEASE.jar;D:\maven\my_maven_local_repository\org\springframework\spring-aop\5.1.6.RELEASE\spring-aop-5.1.6.RELEASE.jar;D:\maven\my_maven_local_repository\org\springframework\spring-expression\5.1.6.RELEASE\spring-expression-5.1.6.RELEASE.jar;D:\maven\my_maven_local_repository\org\springframework\boot\spring-boot-starter-test\2.1.4.RELEASE\spring-boot-starter-test-2.1.4.RELEASE.jar;D:\maven\my_maven_local_repository\org\springframework\boot\spring-boot-test\2.1.4.RELEASE\spring-boot-test-2.1.4.RELEASE.jar;D:\maven\my_maven_local_repository\org\springframework\boot\spring-boot-test-autoconfigure\2.1.4.RELEASE\spring-boot-test-autoconfigure-2.1.4.RELEASE.jar;D:\maven\my_maven_local_repository\com\jayway\jsonpath\json-path\2.4.0\json-path-2.4.0.jar;D:\maven\my_maven_local_repository\net\minidev\json-smart\2.3\json-smart-2.3.jar;D:\maven\my_maven_local_repository\net\minidev\accessors-smart\1.2\accessors-smart-1.2.jar;D:\maven\my_maven_local_repository\org\ow2\asm\asm\5.0.4\asm-5.0.4.jar;D:\maven\my_maven_local_repository\org\slf4j\slf4j-api\1.7.26\slf4j-api-1.7.26.jar;D:\maven\my_maven_local_repository\org\assertj\assertj-core\3.11.1\assertj-core-3.11.1.jar;D:\maven\my_maven_local_repository\org\mockito\mockito-core\2.23.4\mockito-core-2.23.4.jar;D:\maven\my_maven_local_repository\net\bytebuddy\byte-buddy\1.9.12\byte-buddy-1.9.12.jar;D:\maven\my_maven_local_repository\net\bytebuddy\byte-buddy-agent\1.9.12\byte-buddy-agent-1.9.12.jar;D:\maven\my_maven_local_repository\org\objenesis\objenesis\2.6\objenesis-2.6.jar;D:\maven\my_maven_local_repository\org\hamcrest\hamcrest-core\1.3\hamcrest-core-1.3.jar;D:\maven\my_maven_local_repository\org\hamcrest\hamcrest-library\1.3\hamcrest-library-1.3.jar;D:\maven\my_maven_local_repository\org\skyscreamer\jsonassert\1.5.0\jsonassert-1.5.0.jar;D:\maven\my_maven_local_repository\com\vaadin\external\google\android-json\0.0.20131108.vaadin1\android-json-0.0.20131108.vaadin1.jar;D:\maven\my_maven_local_repository\org\springframework\spring-core\5.1.6.RELEASE\spring-core-5.1.6.RELEASE.jar;D:\maven\my_maven_local_repository\org\springframework\spring-jcl\5.1.6.RELEASE\spring-jcl-5.1.6.RELEASE.jar;D:\maven\my_maven_local_repository\org\springframework\spring-test\5.1.6.RELEASE\spring-test-5.1.6.RELEASE.jar;D:\maven\my_maven_local_repository\org\xmlunit\xmlunit-core\2.6.2\xmlunit-core-2.6.2.jar;D:\maven\my_maven_local_repository\org\mybatis\spring\boot\mybatis-spring-boot-starter\1.2.0\mybatis-spring-boot-starter-1.2.0.jar;D:\maven\my_maven_local_repository\org\springframework\boot\spring-boot-starter-jdbc\2.1.4.RELEASE\spring-boot-starter-jdbc-2.1.4.RELEASE.jar;D:\maven\my_maven_local_repository\com\zaxxer\HikariCP\3.2.0\HikariCP-3.2.0.jar;D:\maven\my_maven_local_repository\org\springframework\spring-jdbc\5.1.6.RELEASE\spring-jdbc-5.1.6.RELEASE.jar;D:\maven\my_maven_local_repository\org\mybatis\spring\boot\mybatis-spring-boot-autoconfigure\1.2.0\mybatis-spring-boot-autoconfigure-1.2.0.jar;D:\maven\my_maven_local_repository\org\mybatis\mybatis\3.4.2\mybatis-3.4.2.jar;D:\maven\my_maven_local_repository\org\mybatis\mybatis-spring\1.3.1\mybatis-spring-1.3.1.jar;D:\maven\my_maven_local_repository\org\springframework\boot\spring-boot-starter-data-redis\2.1.4.RELEASE\spring-boot-starter-data-redis-2.1.4.RELEASE.jar;D:\maven\my_maven_local_repository\org\springframework\data\spring-data-redis\2.1.6.RELEASE\spring-data-redis-2.1.6.RELEASE.jar;D:\maven\my_maven_local_repository\org\springframework\data\spring-data-keyvalue\2.1.6.RELEASE\spring-data-keyvalue-2.1.6.RELEASE.jar;D:\maven\my_maven_local_repository\org\springframework\data\spring-data-commons\2.1.6.RELEASE\spring-data-commons-2.1.6.RELEASE.jar;D:\maven\my_maven_local_repository\org\springframework\spring-tx\5.1.6.RELEASE\spring-tx-5.1.6.RELEASE.jar;D:\maven\my_maven_local_repository\org\springframework\spring-oxm\5.1.6.RELEASE\spring-oxm-5.1.6.RELEASE.jar;D:\maven\my_maven_local_repository\io\lettuce\lettuce-core\5.1.6.RELEASE\lettuce-core-5.1.6.RELEASE.jar;D:\maven\my_maven_local_repository\io\netty\netty-common\4.1.34.Final\netty-common-4.1.34.Final.jar;D:\maven\my_maven_local_repository\io\netty\netty-handler\4.1.34.Final\netty-handler-4.1.34.Final.jar;D:\maven\my_maven_local_repository\io\netty\netty-buffer\4.1.34.Final\netty-buffer-4.1.34.Final.jar;D:\maven\my_maven_local_repository\io\netty\netty-codec\4.1.34.Final\netty-codec-4.1.34.Final.jar;D:\maven\my_maven_local_repository\io\netty\netty-transport\4.1.34.Final\netty-transport-4.1.34.Final.jar;D:\maven\my_maven_local_repository\io\netty\netty-resolver\4.1.34.Final\netty-resolver-4.1.34.Final.jar;D:\maven\my_maven_local_repository\io\projectreactor\reactor-core\3.2.8.RELEASE\reactor-core-3.2.8.RELEASE.jar;D:\maven\my_maven_local_repository\org\reactivestreams\reactive-streams\1.0.2\reactive-streams-1.0.2.jar;D:\maven\my_maven_local_repository\com\github\pagehelper\pagehelper-spring-boot-starter\1.2.5\pagehelper-spring-boot-starter-1.2.5.jar;D:\maven\my_maven_local_repository\com\github\pagehelper\pagehelper-spring-boot-autoconfigure\1.2.5\pagehelper-spring-boot-autoconfigure-1.2.5.jar;D:\maven\my_maven_local_repository\com\github\pagehelper\pagehelper\5.1.4\pagehelper-5.1.4.jar;D:\maven\my_maven_local_repository\com\github\jsqlparser\jsqlparser\1.0\jsqlparser-1.0.jar;D:\maven\my_maven_local_repository\org\mybatis\generator\mybatis-generator-maven-plugin\1.3.2\mybatis-generator-maven-plugin-1.3.2.jar;D:\maven\my_maven_local_repository\org\apache\maven\maven-plugin-api\3.0.4\maven-plugin-api-3.0.4.jar;D:\maven\my_maven_local_repository\org\apache\maven\maven-model\3.0.4\maven-model-3.0.4.jar;D:\maven\my_maven_local_repository\org\apache\maven\maven-artifact\3.0.4\maven-artifact-3.0.4.jar;D:\maven\my_maven_local_repository\org\sonatype\sisu\sisu-inject-plexus\2.3.0\sisu-inject-plexus-2.3.0.jar;D:\maven\my_maven_local_repository\org\codehaus\plexus\plexus-component-annotations\1.5.5\plexus-component-annotations-1.5.5.jar;D:\maven\my_maven_local_repository\org\codehaus\plexus\plexus-classworlds\2.4\plexus-classworlds-2.4.jar;D:\maven\my_maven_local_repository\org\sonatype\sisu\sisu-inject-bean\2.3.0\sisu-inject-bean-2.3.0.jar;D:\maven\my_maven_local_repository\org\sonatype\sisu\sisu-guice\3.1.0\sisu-guice-3.1.0-no_aop.jar;D:\maven\my_maven_local_repository\org\sonatype\sisu\sisu-guava\0.9.9\sisu-guava-0.9.9.jar;D:\maven\my_maven_local_repository\org\apache\maven\maven-project\3.0-alpha-2\maven-project-3.0-alpha-2.jar;D:\maven\my_maven_local_repository\org\codehaus\plexus\plexus-utils\1.5.6\plexus-utils-1.5.6.jar;D:\maven\my_maven_local_repository\org\codehaus\plexus\plexus-interpolation\1.1\plexus-interpolation-1.1.jar;D:\maven\my_maven_local_repository\org\apache\maven\maven-compat\3.0-alpha-2\maven-compat-3.0-alpha-2.jar;D:\maven\my_maven_local_repository\org\apache\maven\wagon\wagon-provider-api\1.0-beta-4\wagon-provider-api-1.0-beta-4.jar;D:\maven\my_maven_local_repository\org\codehaus\plexus\plexus-container-default\1.0-beta-3.0.5\plexus-container-default-1.0-beta-3.0.5.jar;D:\maven\my_maven_local_repository\org\apache\xbean\xbean-reflect\3.4\xbean-reflect-3.4.jar;D:\maven\my_maven_local_repository\log4j\log4j\1.2.12\log4j-1.2.12.jar;D:\maven\my_maven_local_repository\commons-logging\commons-logging-api\1.1\commons-logging-api-1.1.jar;D:\maven\my_maven_local_repository\com\google\code\google-collections\google-collect\snapshot-20080530\google-collect-snapshot-20080530.jar;D:\maven\my_maven_local_repository\org\codehaus\woodstox\wstx-asl\3.2.6\wstx-asl-3.2.6.jar;D:\maven\my_maven_local_repository\stax\stax-api\1.0.1\stax-api-1.0.1.jar;D:\maven\my_maven_local_repository\org\sonatype\spice\model-builder\1.3\model-builder-1.3.jar;D:\maven\my_maven_local_repository\org\apache\maven\maven-project-builder\3.0-alpha-2\maven-project-builder-3.0-alpha-2.jar;D:\maven\my_maven_local_repository\org\mybatis\generator\mybatis-generator-core\1.4.0\mybatis-generator-core-1.4.0.jar;D:\maven\my_maven_local_repository\mysql\mysql-connector-java\5.1.39\mysql-connector-java-5.1.39.jar;D:\maven\my_maven_local_repository\com\alibaba\druid\1.0.26\druid-1.0.26.jar;C:\Program Files\Java\jdk1.8.0_31\jre\..\lib\jconsole.jar;C:\Program Files\Java\jdk1.8.0_31\jre\..\lib\tools.jar;D:\maven\my_maven_local_repository\org\springframework\boot\spring-boot-starter-freemarker\2.1.4.RELEASE\spring-boot-starter-freemarker-2.1.4.RELEASE.jar;D:\maven\my_maven_local_repository\org\freemarker\freemarker\2.3.28\freemarker-2.3.28.jar;D:\maven\my_maven_local_repository\org\springframework\spring-context-support\5.1.6.RELEASE\spring-context-support-5.1.6.RELEASE.jar;D:\maven\my_maven_local_repository\org\springframework\boot\spring-boot-starter-thymeleaf\2.1.4.RELEASE\spring-boot-starter-thymeleaf-2.1.4.RELEASE.jar;D:\maven\my_maven_local_repository\org\thymeleaf\thymeleaf-spring5\3.0.11.RELEASE\thymeleaf-spring5-3.0.11.RELEASE.jar;D:\maven\my_maven_local_repository\org\thymeleaf\thymeleaf\3.0.11.RELEASE\thymeleaf-3.0.11.RELEASE.jar;D:\maven\my_maven_local_repository\org\attoparser\attoparser\2.0.5.RELEASE\attoparser-2.0.5.RELEASE.jar;D:\maven\my_maven_local_repository\org\unbescape\unbescape\1.1.6.RELEASE\unbescape-1.1.6.RELEASE.jar;D:\maven\my_maven_local_repository\org\thymeleaf\extras\thymeleaf-extras-java8time\3.0.4.RELEASE\thymeleaf-extras-java8time-3.0.4.RELEASE.jar;D:\maven\my_maven_local_repository\junit\junit\4.12\junit-4.12.jar;D:\maven\my_maven_local_repository\com\alibaba\fastjson\1.2.47\fastjson-1.2.47.jar;D:\maven\my_maven_local_repository\org\springframework\boot\spring-boot-devtools\2.1.4.RELEASE\spring-boot-devtools-2.1.4.RELEASE.jar;D:\maven\my_maven_local_repository\org\springframework\boot\spring-boot\2.1.4.RELEASE\spring-boot-2.1.4.RELEASE.jar;D:\maven\my_maven_local_repository\org\springframework\boot\spring-boot-autoconfigure\2.1.4.RELEASE\spring-boot-autoconfigure-2.1.4.RELEASE.jar;D:\maven\my_maven_local_repository\org\springframework\boot\spring-boot-configuration-processor\2.2.8.RELEASE\spring-boot-configuration-processor-2.2.8.RELEASE.jar;D:\maven\my_maven_local_repository\org\aspectj\aspectjweaver\1.8.13\aspectjweaver-1.8.13.jar;"/>
    <property name="java.vm.vendor" value="Oracle Corporation"/>
    <property name="sun.arch.data.model" value="64"/>
    <property name="user.variant" value=""/>
    <property name="java.vendor.url" value="http://java.oracle.com/"/>
    <property name="user.timezone" value="Asia/Shanghai"/>
    <property name="java.vm.specification.version" value="1.8"/>
    <property name="os.name" value="Windows 8.1"/>
    <property name="user.country" value="CN"/>
    <property name="sun.java.launcher" value="SUN_STANDARD"/>
    <property name="sun.boot.library.path" value="C:\Program Files\Java\jdk1.8.0_31\jre\bin"/>
    <property name="sun.java.command" value="C:\Users\SUNXUE~1\AppData\Local\Temp\surefire4070342767035319230\surefirebooter4020654822980804078.jar C:\Users\sunxuehao\AppData\Local\Temp\surefire4070342767035319230 2020-07-25T10-49-11_464-jvmRun1 surefire226417150383324118tmp surefire_06749514799186025154tmp"/>
    <property name="surefire.test.class.path" value="E:\项目\spring-boot-curd\target\test-classes;E:\项目\spring-boot-curd\target\classes;D:\maven\my_maven_local_repository\org\springframework\boot\spring-boot-starter-actuator\2.1.4.RELEASE\spring-boot-starter-actuator-2.1.4.RELEASE.jar;D:\maven\my_maven_local_repository\org\springframework\boot\spring-boot-starter\2.1.4.RELEASE\spring-boot-starter-2.1.4.RELEASE.jar;D:\maven\my_maven_local_repository\org\springframework\boot\spring-boot-starter-logging\2.1.4.RELEASE\spring-boot-starter-logging-2.1.4.RELEASE.jar;D:\maven\my_maven_local_repository\ch\qos\logback\logback-classic\1.2.3\logback-classic-1.2.3.jar;D:\maven\my_maven_local_repository\ch\qos\logback\logback-core\1.2.3\logback-core-1.2.3.jar;D:\maven\my_maven_local_repository\org\apache\logging\log4j\log4j-to-slf4j\2.11.2\log4j-to-slf4j-2.11.2.jar;D:\maven\my_maven_local_repository\org\apache\logging\log4j\log4j-api\2.11.2\log4j-api-2.11.2.jar;D:\maven\my_maven_local_repository\org\slf4j\jul-to-slf4j\1.7.26\jul-to-slf4j-1.7.26.jar;D:\maven\my_maven_local_repository\javax\annotation\javax.annotation-api\1.3.2\javax.annotation-api-1.3.2.jar;D:\maven\my_maven_local_repository\org\yaml\snakeyaml\1.23\snakeyaml-1.23.jar;D:\maven\my_maven_local_repository\org\springframework\boot\spring-boot-actuator-autoconfigure\2.1.4.RELEASE\spring-boot-actuator-autoconfigure-2.1.4.RELEASE.jar;D:\maven\my_maven_local_repository\org\springframework\boot\spring-boot-actuator\2.1.4.RELEASE\spring-boot-actuator-2.1.4.RELEASE.jar;D:\maven\my_maven_local_repository\com\fasterxml\jackson\core\jackson-databind\2.9.8\jackson-databind-2.9.8.jar;D:\maven\my_maven_local_repository\com\fasterxml\jackson\core\jackson-annotations\2.9.0\jackson-annotations-2.9.0.jar;D:\maven\my_maven_local_repository\com\fasterxml\jackson\core\jackson-core\2.9.8\jackson-core-2.9.8.jar;D:\maven\my_maven_local_repository\org\springframework\spring-context\5.1.6.RELEASE\spring-context-5.1.6.RELEASE.jar;D:\maven\my_maven_local_repository\com\fasterxml\jackson\datatype\jackson-datatype-jsr310\2.9.8\jackson-datatype-jsr310-2.9.8.jar;D:\maven\my_maven_local_repository\io\micrometer\micrometer-core\1.1.4\micrometer-core-1.1.4.jar;D:\maven\my_maven_local_repository\org\hdrhistogram\HdrHistogram\2.1.9\HdrHistogram-2.1.9.jar;D:\maven\my_maven_local_repository\org\latencyutils\LatencyUtils\2.0.3\LatencyUtils-2.0.3.jar;D:\maven\my_maven_local_repository\org\springframework\boot\spring-boot-starter-web\2.1.4.RELEASE\spring-boot-starter-web-2.1.4.RELEASE.jar;D:\maven\my_maven_local_repository\org\springframework\boot\spring-boot-starter-json\2.1.4.RELEASE\spring-boot-starter-json-2.1.4.RELEASE.jar;D:\maven\my_maven_local_repository\com\fasterxml\jackson\datatype\jackson-datatype-jdk8\2.9.8\jackson-datatype-jdk8-2.9.8.jar;D:\maven\my_maven_local_repository\com\fasterxml\jackson\module\jackson-module-parameter-names\2.9.8\jackson-module-parameter-names-2.9.8.jar;D:\maven\my_maven_local_repository\org\springframework\boot\spring-boot-starter-tomcat\2.1.4.RELEASE\spring-boot-starter-tomcat-2.1.4.RELEASE.jar;D:\maven\my_maven_local_repository\org\apache\tomcat\embed\tomcat-embed-core\9.0.17\tomcat-embed-core-9.0.17.jar;D:\maven\my_maven_local_repository\org\apache\tomcat\embed\tomcat-embed-el\9.0.17\tomcat-embed-el-9.0.17.jar;D:\maven\my_maven_local_repository\org\apache\tomcat\embed\tomcat-embed-websocket\9.0.17\tomcat-embed-websocket-9.0.17.jar;D:\maven\my_maven_local_repository\org\hibernate\validator\hibernate-validator\6.0.16.Final\hibernate-validator-6.0.16.Final.jar;D:\maven\my_maven_local_repository\javax\validation\validation-api\2.0.1.Final\validation-api-2.0.1.Final.jar;D:\maven\my_maven_local_repository\org\jboss\logging\jboss-logging\3.3.2.Final\jboss-logging-3.3.2.Final.jar;D:\maven\my_maven_local_repository\com\fasterxml\classmate\1.4.0\classmate-1.4.0.jar;D:\maven\my_maven_local_repository\org\springframework\spring-web\5.1.6.RELEASE\spring-web-5.1.6.RELEASE.jar;D:\maven\my_maven_local_repository\org\springframework\spring-beans\5.1.6.RELEASE\spring-beans-5.1.6.RELEASE.jar;D:\maven\my_maven_local_repository\org\springframework\spring-webmvc\5.1.6.RELEASE\spring-webmvc-5.1.6.RELEASE.jar;D:\maven\my_maven_local_repository\org\springframework\spring-aop\5.1.6.RELEASE\spring-aop-5.1.6.RELEASE.jar;D:\maven\my_maven_local_repository\org\springframework\spring-expression\5.1.6.RELEASE\spring-expression-5.1.6.RELEASE.jar;D:\maven\my_maven_local_repository\org\springframework\boot\spring-boot-starter-test\2.1.4.RELEASE\spring-boot-starter-test-2.1.4.RELEASE.jar;D:\maven\my_maven_local_repository\org\springframework\boot\spring-boot-test\2.1.4.RELEASE\spring-boot-test-2.1.4.RELEASE.jar;D:\maven\my_maven_local_repository\org\springframework\boot\spring-boot-test-autoconfigure\2.1.4.RELEASE\spring-boot-test-autoconfigure-2.1.4.RELEASE.jar;D:\maven\my_maven_local_repository\com\jayway\jsonpath\json-path\2.4.0\json-path-2.4.0.jar;D:\maven\my_maven_local_repository\net\minidev\json-smart\2.3\json-smart-2.3.jar;D:\maven\my_maven_local_repository\net\minidev\accessors-smart\1.2\accessors-smart-1.2.jar;D:\maven\my_maven_local_repository\org\ow2\asm\asm\5.0.4\asm-5.0.4.jar;D:\maven\my_maven_local_repository\org\slf4j\slf4j-api\1.7.26\slf4j-api-1.7.26.jar;D:\maven\my_maven_local_repository\org\assertj\assertj-core\3.11.1\assertj-core-3.11.1.jar;D:\maven\my_maven_local_repository\org\mockito\mockito-core\2.23.4\mockito-core-2.23.4.jar;D:\maven\my_maven_local_repository\net\bytebuddy\byte-buddy\1.9.12\byte-buddy-1.9.12.jar;D:\maven\my_maven_local_repository\net\bytebuddy\byte-buddy-agent\1.9.12\byte-buddy-agent-1.9.12.jar;D:\maven\my_maven_local_repository\org\objenesis\objenesis\2.6\objenesis-2.6.jar;D:\maven\my_maven_local_repository\org\hamcrest\hamcrest-core\1.3\hamcrest-core-1.3.jar;D:\maven\my_maven_local_repository\org\hamcrest\hamcrest-library\1.3\hamcrest-library-1.3.jar;D:\maven\my_maven_local_repository\org\skyscreamer\jsonassert\1.5.0\jsonassert-1.5.0.jar;D:\maven\my_maven_local_repository\com\vaadin\external\google\android-json\0.0.20131108.vaadin1\android-json-0.0.20131108.vaadin1.jar;D:\maven\my_maven_local_repository\org\springframework\spring-core\5.1.6.RELEASE\spring-core-5.1.6.RELEASE.jar;D:\maven\my_maven_local_repository\org\springframework\spring-jcl\5.1.6.RELEASE\spring-jcl-5.1.6.RELEASE.jar;D:\maven\my_maven_local_repository\org\springframework\spring-test\5.1.6.RELEASE\spring-test-5.1.6.RELEASE.jar;D:\maven\my_maven_local_repository\org\xmlunit\xmlunit-core\2.6.2\xmlunit-core-2.6.2.jar;D:\maven\my_maven_local_repository\org\mybatis\spring\boot\mybatis-spring-boot-starter\1.2.0\mybatis-spring-boot-starter-1.2.0.jar;D:\maven\my_maven_local_repository\org\springframework\boot\spring-boot-starter-jdbc\2.1.4.RELEASE\spring-boot-starter-jdbc-2.1.4.RELEASE.jar;D:\maven\my_maven_local_repository\com\zaxxer\HikariCP\3.2.0\HikariCP-3.2.0.jar;D:\maven\my_maven_local_repository\org\springframework\spring-jdbc\5.1.6.RELEASE\spring-jdbc-5.1.6.RELEASE.jar;D:\maven\my_maven_local_repository\org\mybatis\spring\boot\mybatis-spring-boot-autoconfigure\1.2.0\mybatis-spring-boot-autoconfigure-1.2.0.jar;D:\maven\my_maven_local_repository\org\mybatis\mybatis\3.4.2\mybatis-3.4.2.jar;D:\maven\my_maven_local_repository\org\mybatis\mybatis-spring\1.3.1\mybatis-spring-1.3.1.jar;D:\maven\my_maven_local_repository\org\springframework\boot\spring-boot-starter-data-redis\2.1.4.RELEASE\spring-boot-starter-data-redis-2.1.4.RELEASE.jar;D:\maven\my_maven_local_repository\org\springframework\data\spring-data-redis\2.1.6.RELEASE\spring-data-redis-2.1.6.RELEASE.jar;D:\maven\my_maven_local_repository\org\springframework\data\spring-data-keyvalue\2.1.6.RELEASE\spring-data-keyvalue-2.1.6.RELEASE.jar;D:\maven\my_maven_local_repository\org\springframework\data\spring-data-commons\2.1.6.RELEASE\spring-data-commons-2.1.6.RELEASE.jar;D:\maven\my_maven_local_repository\org\springframework\spring-tx\5.1.6.RELEASE\spring-tx-5.1.6.RELEASE.jar;D:\maven\my_maven_local_repository\org\springframework\spring-oxm\5.1.6.RELEASE\spring-oxm-5.1.6.RELEASE.jar;D:\maven\my_maven_local_repository\io\lettuce\lettuce-core\5.1.6.RELEASE\lettuce-core-5.1.6.RELEASE.jar;D:\maven\my_maven_local_repository\io\netty\netty-common\4.1.34.Final\netty-common-4.1.34.Final.jar;D:\maven\my_maven_local_repository\io\netty\netty-handler\4.1.34.Final\netty-handler-4.1.34.Final.jar;D:\maven\my_maven_local_repository\io\netty\netty-buffer\4.1.34.Final\netty-buffer-4.1.34.Final.jar;D:\maven\my_maven_local_repository\io\netty\netty-codec\4.1.34.Final\netty-codec-4.1.34.Final.jar;D:\maven\my_maven_local_repository\io\netty\netty-transport\4.1.34.Final\netty-transport-4.1.34.Final.jar;D:\maven\my_maven_local_repository\io\netty\netty-resolver\4.1.34.Final\netty-resolver-4.1.34.Final.jar;D:\maven\my_maven_local_repository\io\projectreactor\reactor-core\3.2.8.RELEASE\reactor-core-3.2.8.RELEASE.jar;D:\maven\my_maven_local_repository\org\reactivestreams\reactive-streams\1.0.2\reactive-streams-1.0.2.jar;D:\maven\my_maven_local_repository\com\github\pagehelper\pagehelper-spring-boot-starter\1.2.5\pagehelper-spring-boot-starter-1.2.5.jar;D:\maven\my_maven_local_repository\com\github\pagehelper\pagehelper-spring-boot-autoconfigure\1.2.5\pagehelper-spring-boot-autoconfigure-1.2.5.jar;D:\maven\my_maven_local_repository\com\github\pagehelper\pagehelper\5.1.4\pagehelper-5.1.4.jar;D:\maven\my_maven_local_repository\com\github\jsqlparser\jsqlparser\1.0\jsqlparser-1.0.jar;D:\maven\my_maven_local_repository\org\mybatis\generator\mybatis-generator-maven-plugin\1.3.2\mybatis-generator-maven-plugin-1.3.2.jar;D:\maven\my_maven_local_repository\org\apache\maven\maven-plugin-api\3.0.4\maven-plugin-api-3.0.4.jar;D:\maven\my_maven_local_repository\org\apache\maven\maven-model\3.0.4\maven-model-3.0.4.jar;D:\maven\my_maven_local_repository\org\apache\maven\maven-artifact\3.0.4\maven-artifact-3.0.4.jar;D:\maven\my_maven_local_repository\org\sonatype\sisu\sisu-inject-plexus\2.3.0\sisu-inject-plexus-2.3.0.jar;D:\maven\my_maven_local_repository\org\codehaus\plexus\plexus-component-annotations\1.5.5\plexus-component-annotations-1.5.5.jar;D:\maven\my_maven_local_repository\org\codehaus\plexus\plexus-classworlds\2.4\plexus-classworlds-2.4.jar;D:\maven\my_maven_local_repository\org\sonatype\sisu\sisu-inject-bean\2.3.0\sisu-inject-bean-2.3.0.jar;D:\maven\my_maven_local_repository\org\sonatype\sisu\sisu-guice\3.1.0\sisu-guice-3.1.0-no_aop.jar;D:\maven\my_maven_local_repository\org\sonatype\sisu\sisu-guava\0.9.9\sisu-guava-0.9.9.jar;D:\maven\my_maven_local_repository\org\apache\maven\maven-project\3.0-alpha-2\maven-project-3.0-alpha-2.jar;D:\maven\my_maven_local_repository\org\codehaus\plexus\plexus-utils\1.5.6\plexus-utils-1.5.6.jar;D:\maven\my_maven_local_repository\org\codehaus\plexus\plexus-interpolation\1.1\plexus-interpolation-1.1.jar;D:\maven\my_maven_local_repository\org\apache\maven\maven-compat\3.0-alpha-2\maven-compat-3.0-alpha-2.jar;D:\maven\my_maven_local_repository\org\apache\maven\wagon\wagon-provider-api\1.0-beta-4\wagon-provider-api-1.0-beta-4.jar;D:\maven\my_maven_local_repository\org\codehaus\plexus\plexus-container-default\1.0-beta-3.0.5\plexus-container-default-1.0-beta-3.0.5.jar;D:\maven\my_maven_local_repository\org\apache\xbean\xbean-reflect\3.4\xbean-reflect-3.4.jar;D:\maven\my_maven_local_repository\log4j\log4j\1.2.12\log4j-1.2.12.jar;D:\maven\my_maven_local_repository\commons-logging\commons-logging-api\1.1\commons-logging-api-1.1.jar;D:\maven\my_maven_local_repository\com\google\code\google-collections\google-collect\snapshot-20080530\google-collect-snapshot-20080530.jar;D:\maven\my_maven_local_repository\org\codehaus\woodstox\wstx-asl\3.2.6\wstx-asl-3.2.6.jar;D:\maven\my_maven_local_repository\stax\stax-api\1.0.1\stax-api-1.0.1.jar;D:\maven\my_maven_local_repository\org\sonatype\spice\model-builder\1.3\model-builder-1.3.jar;D:\maven\my_maven_local_repository\org\apache\maven\maven-project-builder\3.0-alpha-2\maven-project-builder-3.0-alpha-2.jar;D:\maven\my_maven_local_repository\org\mybatis\generator\mybatis-generator-core\1.4.0\mybatis-generator-core-1.4.0.jar;D:\maven\my_maven_local_repository\mysql\mysql-connector-java\5.1.39\mysql-connector-java-5.1.39.jar;D:\maven\my_maven_local_repository\com\alibaba\druid\1.0.26\druid-1.0.26.jar;C:\Program Files\Java\jdk1.8.0_31\jre\..\lib\jconsole.jar;C:\Program Files\Java\jdk1.8.0_31\jre\..\lib\tools.jar;D:\maven\my_maven_local_repository\org\springframework\boot\spring-boot-starter-freemarker\2.1.4.RELEASE\spring-boot-starter-freemarker-2.1.4.RELEASE.jar;D:\maven\my_maven_local_repository\org\freemarker\freemarker\2.3.28\freemarker-2.3.28.jar;D:\maven\my_maven_local_repository\org\springframework\spring-context-support\5.1.6.RELEASE\spring-context-support-5.1.6.RELEASE.jar;D:\maven\my_maven_local_repository\org\springframework\boot\spring-boot-starter-thymeleaf\2.1.4.RELEASE\spring-boot-starter-thymeleaf-2.1.4.RELEASE.jar;D:\maven\my_maven_local_repository\org\thymeleaf\thymeleaf-spring5\3.0.11.RELEASE\thymeleaf-spring5-3.0.11.RELEASE.jar;D:\maven\my_maven_local_repository\org\thymeleaf\thymeleaf\3.0.11.RELEASE\thymeleaf-3.0.11.RELEASE.jar;D:\maven\my_maven_local_repository\org\attoparser\attoparser\2.0.5.RELEASE\attoparser-2.0.5.RELEASE.jar;D:\maven\my_maven_local_repository\org\unbescape\unbescape\1.1.6.RELEASE\unbescape-1.1.6.RELEASE.jar;D:\maven\my_maven_local_repository\org\thymeleaf\extras\thymeleaf-extras-java8time\3.0.4.RELEASE\thymeleaf-extras-java8time-3.0.4.RELEASE.jar;D:\maven\my_maven_local_repository\junit\junit\4.12\junit-4.12.jar;D:\maven\my_maven_local_repository\com\alibaba\fastjson\1.2.47\fastjson-1.2.47.jar;D:\maven\my_maven_local_repository\org\springframework\boot\spring-boot-devtools\2.1.4.RELEASE\spring-boot-devtools-2.1.4.RELEASE.jar;D:\maven\my_maven_local_repository\org\springframework\boot\spring-boot\2.1.4.RELEASE\spring-boot-2.1.4.RELEASE.jar;D:\maven\my_maven_local_repository\org\springframework\boot\spring-boot-autoconfigure\2.1.4.RELEASE\spring-boot-autoconfigure-2.1.4.RELEASE.jar;D:\maven\my_maven_local_repository\org\springframework\boot\spring-boot-configuration-processor\2.2.8.RELEASE\spring-boot-configuration-processor-2.2.8.RELEASE.jar;D:\maven\my_maven_local_repository\org\aspectj\aspectjweaver\1.8.13\aspectjweaver-1.8.13.jar;"/>
    <property name="sun.cpu.endian" value="little"/>
    <property name="user.home" value="C:\Users\sunxuehao"/>
    <property name="user.language" value="zh"/>
    <property name="java.specification.vendor" value="Oracle Corporation"/>
    <property name="java.home" value="C:\Program Files\Java\jdk1.8.0_31\jre"/>
    <property name="basedir" value="E:\项目\spring-boot-curd"/>
    <property name="file.separator" value="\"/>
    <property name="line.separator" value="&#10;"/>
    <property name="java.vm.specification.vendor" value="Oracle Corporation"/>
    <property name="java.specification.name" value="Java Platform API Specification"/>
    <property name="java.awt.graphicsenv" value="sun.awt.Win32GraphicsEnvironment"/>
    <property name="idea.version2020.1.3" value="true"/>
    <property name="surefire.real.class.path" value="C:\Users\SUNXUE~1\AppData\Local\Temp\surefire4070342767035319230\surefirebooter4020654822980804078.jar"/>
    <property name="sun.boot.class.path" value="C:\Program Files\Java\jdk1.8.0_31\jre\lib\resources.jar;C:\Program Files\Java\jdk1.8.0_31\jre\lib\rt.jar;C:\Program Files\Java\jdk1.8.0_31\jre\lib\sunrsasign.jar;C:\Program Files\Java\jdk1.8.0_31\jre\lib\jsse.jar;C:\Program Files\Java\jdk1.8.0_31\jre\lib\jce.jar;C:\Program Files\Java\jdk1.8.0_31\jre\lib\charsets.jar;C:\Program Files\Java\jdk1.8.0_31\jre\lib\jfr.jar;C:\Program Files\Java\jdk1.8.0_31\jre\classes"/>
    <property name="user.script" value=""/>
    <property name="sun.management.compiler" value="HotSpot 64-Bit Tiered Compilers"/>
    <property name="java.runtime.version" value="1.8.0_31-b13"/>
    <property name="user.name" value="sunxuehao"/>
    <property name="path.separator" value=";"/>
    <property name="os.version" value="6.3"/>
    <property name="java.endorsed.dirs" value="C:\Program Files\Java\jdk1.8.0_31\jre\lib\endorsed"/>
    <property name="java.runtime.name" value="Java(TM) SE Runtime Environment"/>
    <property name="file.encoding" value="GBK"/>
    <property name="java.vm.name" value="Java HotSpot(TM) 64-Bit Server VM"/>
    <property name="localRepository" value="D:\maven\my_maven_local_repository"/>
    <property name="java.vendor.url.bug" value="http://bugreport.sun.com/bugreport/"/>
    <property name="java.io.tmpdir" value="C:\Users\SUNXUE~1\AppData\Local\Temp\"/>
    <property name="java.version" value="1.8.0_31"/>
    <property name="user.dir" value="E:\项目\spring-boot-curd"/>
    <property name="os.arch" value="amd64"/>
    <property name="java.vm.specification.name" value="Java Virtual Machine Specification"/>
    <property name="java.awt.printerjob" value="sun.awt.windows.WPrinterJob"/>
    <property name="sun.os.patch.level" value=""/>
    <property name="java.library.path" value="C:\Program Files\Java\jdk1.8.0_31\jre\bin;C:\windows\Sun\Java\bin;C:\windows\system32;C:\windows;C:\ProgramData\Oracle\Java\javapath;C:\windows\system32;C:\windows;C:\windows\System32\Wbem;C:\windows\System32\WindowsPowerShell\v1.0\;C:\windows\System32\OpenSSH\;D:\maven\apache-maven-3.6.3\bin;D:\TortoiseSVN\bin;&quot;C:\Program Files\Java\jdk1.8.0_31\bin;C:\Program Files\Java\jdk1.8.0_31\jre\bin;&quot;;C:\Program Files\MySQL\MySQL Server 5.7\bin;D:\Git\cmd;C:\Program Files\Redis\;C:\Users\sunxuehao\AppData\Local\Microsoft\WindowsApps;;D:\JetBrains\IntelliJ IDEA 2020.1.3\bin;;."/>
    <property name="java.vm.info" value="mixed mode"/>
    <property name="java.vendor" value="Oracle Corporation"/>
    <property name="java.vm.version" value="25.31-b07"/>
    <property name="java.ext.dirs" value="C:\Program Files\Java\jdk1.8.0_31\jre\lib\ext;C:\windows\Sun\Java\lib\ext"/>
    <property name="sun.io.unicode.encoding" value="UnicodeLittle"/>
    <property name="java.class.version" value="52.0"/>
  </properties>
  <testcase name="contextLoads" classname="org.mall.MallApplicationTests" time="0.251"/>
</testsuite>